<?xml version="1.0" encoding="UTF-8"?>
<testsuite name="com.io.smart.web.rest.LogsResourceIntTest" tests="3" skipped="0" failures="0" errors="0" timestamp="2018-05-13T09:07:34" hostname="x" time="0.129">
  <properties/>
  <testcase name="changeLogs" classname="com.io.smart.web.rest.LogsResourceIntTest" time="0.019"/>
  <testcase name="getAllLogs" classname="com.io.smart.web.rest.LogsResourceIntTest" time="0.031"/>
  <testcase name="testLogstashAppender" classname="com.io.smart.web.rest.LogsResourceIntTest" time="0.077"/>
  <system-out><![CDATA[]]></system-out>
  <system-err><![CDATA[]]></system-err>
</testsuite>
