<?xml version="1.0" encoding="UTF-8"?>
<testsuite name="com.io.smart.web.rest.ProfileInfoResourceIntTest" tests="3" skipped="0" failures="0" errors="0" timestamp="2018-01-30T02:22:10" hostname="Nicholass-Air.fios-router.home" time="0.127">
  <properties/>
  <testcase name="getProfileInfoWithoutActiveProfiles" classname="com.io.smart.web.rest.ProfileInfoResourceIntTest" time="0.045"/>
  <testcase name="getProfileInfoWithoutRibbon" classname="com.io.smart.web.rest.ProfileInfoResourceIntTest" time="0.042"/>
  <testcase name="getProfileInfoWithRibbon" classname="com.io.smart.web.rest.ProfileInfoResourceIntTest" time="0.034"/>
  <system-out><![CDATA[]]></system-out>
  <system-err><![CDATA[]]></system-err>
</testsuite>
