<?xml version="1.0" encoding="UTF-8"?>
<testsuite name="com.io.smart.web.rest.LogsResourceIntTest" tests="3" skipped="0" failures="0" errors="0" timestamp="2018-02-10T05:31:59" hostname="Nicholass-MacBook-Air.local" time="0.261">
  <properties/>
  <testcase name="changeLogs" classname="com.io.smart.web.rest.LogsResourceIntTest" time="0.091"/>
  <testcase name="getAllLogs" classname="com.io.smart.web.rest.LogsResourceIntTest" time="0.117"/>
  <testcase name="testLogstashAppender" classname="com.io.smart.web.rest.LogsResourceIntTest" time="0.05"/>
  <system-out><![CDATA[]]></system-out>
  <system-err><![CDATA[]]></system-err>
</testsuite>
